<?xml version="1.0" encoding="utf-8"?><testsuites name="pytest tests"><testsuite name="pytest" errors="0" failures="0" skipped="0" tests="58" time="0.254" timestamp="2025-09-01T13:50:32.069227+05:30" hostname="rahuls-MacBook-Pro-2.local"><testcase classname="tests.unit.analysis.test_analyzer.TestDataClasses" name="test_analysis_result_average_companies_per_fund_normal" time="0.001" /><testcase classname="tests.unit.analysis.test_analyzer.TestDataClasses" name="test_analysis_result_average_companies_per_fund_zero_funds" time="0.000" /><testcase classname="tests.unit.analysis.test_analyzer.TestDataClasses" name="test_fund_analysis_result_success_rate_normal" time="0.000" /><testcase classname="tests.unit.analysis.test_analyzer.TestDataClasses" name="test_fund_analysis_result_success_rate_zero_total" time="0.000" /><testcase classname="tests.unit.analysis.test_analyzer.TestDataClasses" name="test_holdings_data_properties" time="0.000" /><testcase classname="tests.unit.analysis.test_analyzer.TestFundAnalyzer" name="test_get_analysis_settings" time="0.003" /><testcase classname="tests.unit.analysis.test_analyzer.TestFundAnalyzer" name="test_normalize_company_name_standard_cases" time="0.002" /><testcase classname="tests.unit.analysis.test_analyzer.TestFundAnalyzer" name="test_parse_percentage_standard_cases" time="0.001" /><testcase classname="tests.unit.analysis.test_analyzer.TestFundAnalyzer" name="test_is_valid_company_normal_company" time="0.002" /><testcase classname="tests.unit.analysis.test_analyzer.TestFundAnalyzer" name="test_is_valid_company_excluded_companies" time="0.002" /><testcase classname="tests.unit.analysis.test_analyzer.TestFundAnalyzer" name="test_is_valid_company_empty_name" time="0.002" /><testcase classname="tests.unit.analysis.test_analyzer.TestFundAnalyzer" name="test_extract_fund_info_complete_data" time="0.000" /><testcase classname="tests.unit.analysis.test_analyzer.TestFundAnalyzer" name="test_extract_fund_info_minimal_data" time="0.000" /><testcase classname="tests.unit.analysis.test_analyzer.TestFundAnalyzer" name="test_extract_fund_info_missing_data" time="0.000" /><testcase classname="tests.unit.analysis.test_analyzer.TestFundAnalyzer" name="test_update_fund_registry_new_fund" time="0.003" /><testcase classname="tests.unit.analysis.test_analyzer.TestFundAnalyzer" name="test_update_fund_registry_duplicate_fund" time="0.002" /><testcase classname="tests.unit.analysis.test_analyzer.TestFundAnalyzer" name="test_update_company_data_new_company" time="0.002" /><testcase classname="tests.unit.analysis.test_analyzer.TestFundAnalyzer" name="test_update_company_data_existing_company" time="0.002" /><testcase classname="tests.unit.analysis.test_analyzer.TestFundAnalyzer" name="test_update_company_data_max_samples_limit" time="0.003" /><testcase classname="tests.unit.analysis.test_analyzer.TestFundAnalyzer" name="test_process_fund_holdings_valid_holdings" time="0.003" /><testcase classname="tests.unit.analysis.test_analyzer.TestFundAnalyzer" name="test_build_companies_by_fund_count" time="0.002" /><testcase classname="tests.unit.analysis.test_analyzer.TestFundAnalyzer" name="test_build_companies_by_total_weight" time="0.003" /><testcase classname="tests.unit.analysis.test_analyzer.TestFundAnalyzer" name="test_find_companies_in_all_funds_with_common_companies" time="0.002" /><testcase classname="tests.unit.analysis.test_analyzer.TestFundAnalyzer" name="test_find_companies_in_all_funds_no_common_companies" time="0.002" /><testcase classname="tests.unit.analysis.test_analyzer.TestFundAnalyzer" name="test_find_companies_in_all_funds_zero_funds" time="0.002" /><testcase classname="tests.unit.analysis.test_analyzer.TestFundAnalyzer" name="test_build_funds_list" time="0.002" /><testcase classname="tests.unit.analysis.test_analyzer.TestFundAnalyzerFileProcessing" name="test_process_single_fund_file_valid_file" time="0.004" /><testcase classname="tests.unit.analysis.test_analyzer.TestFundAnalyzerFileProcessing" name="test_process_single_fund_file_invalid_file" time="0.003" /><testcase classname="tests.unit.analysis.test_analyzer.TestFundAnalyzerFileProcessing" name="test_build_analysis_output_complete" time="0.003" /><testcase classname="tests.unit.analysis.test_data_models.TestAnalysisResult" name="test_analysis_result_creation" time="0.000" /><testcase classname="tests.unit.analysis.test_data_models.TestAnalysisResult" name="test_average_companies_per_fund_normal" time="0.000" /><testcase classname="tests.unit.analysis.test_data_models.TestAnalysisResult" name="test_average_companies_per_fund_partial_funds" time="0.000" /><testcase classname="tests.unit.analysis.test_data_models.TestAnalysisResult" name="test_average_companies_per_fund_zero_funds" time="0.000" /><testcase classname="tests.unit.analysis.test_data_models.TestAnalysisResult" name="test_average_companies_per_fund_zero_companies" time="0.000" /><testcase classname="tests.unit.analysis.test_data_models.TestFundAnalysisResult" name="test_fund_analysis_result_creation" time="0.000" /><testcase classname="tests.unit.analysis.test_data_models.TestFundAnalysisResult" name="test_success_rate_perfect" time="0.000" /><testcase classname="tests.unit.analysis.test_data_models.TestFundAnalysisResult" name="test_success_rate_partial" time="0.000" /><testcase classname="tests.unit.analysis.test_data_models.TestFundAnalysisResult" name="test_success_rate_zero_success" time="0.000" /><testcase classname="tests.unit.analysis.test_data_models.TestFundAnalysisResult" name="test_success_rate_zero_total" time="0.000" /><testcase classname="tests.unit.analysis.test_data_models.TestFundAnalysisResult" name="test_success_rate_edge_case_more_analyzed_than_total" time="0.000" /><testcase classname="tests.unit.analysis.test_data_models.TestHoldingsData" name="test_holdings_data_creation" time="0.000" /><testcase classname="tests.unit.analysis.test_data_models.TestHoldingsData" name="test_total_funds_empty" time="0.000" /><testcase classname="tests.unit.analysis.test_data_models.TestHoldingsData" name="test_total_funds_multiple" time="0.000" /><testcase classname="tests.unit.analysis.test_data_models.TestHoldingsData" name="test_unique_companies_count_empty" time="0.000" /><testcase classname="tests.unit.analysis.test_data_models.TestHoldingsData" name="test_unique_companies_count_multiple" time="0.000" /><testcase classname="tests.unit.analysis.test_data_models.TestCompanyAnalysis" name="test_company_analysis_creation" time="0.000" /><testcase classname="tests.unit.analysis.test_data_models.TestCompanyAnalysis" name="test_company_analysis_empty_samples" time="0.000" /><testcase classname="tests.unit.analysis.test_data_models.TestCompanyAnalysis" name="test_company_analysis_edge_values" time="0.000" /><testcase classname="tests.unit.analysis.test_data_models.TestCompanyAnalysis" name="test_company_analysis_large_values" time="0.000" /><testcase classname="tests.unit.storage.test_json_store.TestJsonStore" name="test_save_and_load_roundtrip" time="0.002" /><testcase classname="tests.unit.storage.test_json_store.TestJsonStore" name="test_save_creates_parent_directories" time="0.001" /><testcase classname="tests.unit.storage.test_json_store.TestJsonStore" name="test_load_nonexistent_file_raises_error" time="0.001" /><testcase classname="tests.unit.storage.test_json_store.TestJsonStore" name="test_exists_returns_true_for_valid_file" time="0.001" /><testcase classname="tests.unit.storage.test_json_store.TestJsonStore" name="test_exists_returns_false_for_nonexistent_file" time="0.001" /><testcase classname="tests.unit.storage.test_json_store.TestJsonStore" name="test_get_file_size_kb" time="0.001" /><testcase classname="tests.unit.storage.test_json_store.TestJsonStore" name="test_validate_json_structure_valid_data" time="0.000" /><testcase classname="tests.unit.storage.test_json_store.TestJsonStore" name="test_validate_json_structure_missing_keys" time="0.001" /><testcase classname="tests.unit.storage.test_json_store.TestJsonStore" name="test_save_handles_serialization_error" time="0.003" /></testsuite></testsuites>